<?xml version="1.0" encoding="UTF-8"?>
<testng-results skipped="0" failed="1" ignored="0" total="9" passed="8">
  <reporter-output>
    <line>
      <![CDATA[Capturing screenshot]]>
    </line>
    <line>
      <![CDATA[<a target="_blank" href="SunDec2912_21_21IST2019.jpg">Screen Shot</a>]]>
    </line>
  </reporter-output>
  <suite name="DataDrivenBasics" duration-ms="17538" started-at="2019-12-29T06:51:21Z" finished-at="2019-12-29T06:51:38Z">
    <groups>
    </groups>
    <test name="BankManagerLoginTest" duration-ms="3538" started-at="2019-12-29T06:51:21Z" finished-at="2019-12-29T06:51:24Z">
      <class name="com.w2a.testcases.BankManagerLoginTest">
        <test-method status="FAIL" signature="bankManagerLoginTest()[pri:0, instance:com.w2a.testcases.BankManagerLoginTest@60285225]" name="bankManagerLoginTest" duration-ms="2573" started-at="2019-12-29T12:21:21Z" finished-at="2019-12-29T12:21:23Z">
          <exception class="java.lang.AssertionError">
            <message>
              <![CDATA[expected [b] but found [a]]]>
            </message>
            <full-stacktrace>
              <![CDATA[java.lang.AssertionError: expected [b] but found [a]
	at org.testng.Assert.fail(Assert.java:93)
	at org.testng.Assert.failNotEquals(Assert.java:512)
	at org.testng.Assert.assertEqualsImpl(Assert.java:134)
	at org.testng.Assert.assertEquals(Assert.java:115)
	at org.testng.Assert.assertEquals(Assert.java:189)
	at org.testng.Assert.assertEquals(Assert.java:199)
	at com.w2a.testcases.BankManagerLoginTest.bankManagerLoginTest(BankManagerLoginTest.java:34)
	at sun.reflect.NativeMethodAccessorImpl.invoke0(Native Method)
	at sun.reflect.NativeMethodAccessorImpl.invoke(NativeMethodAccessorImpl.java:62)
	at sun.reflect.DelegatingMethodAccessorImpl.invoke(DelegatingMethodAccessorImpl.java:43)
	at java.lang.reflect.Method.invoke(Method.java:498)
	at org.testng.internal.MethodInvocationHelper.invokeMethod(MethodInvocationHelper.java:108)
	at org.testng.internal.Invoker.invokeMethod(Invoker.java:661)
	at org.testng.internal.Invoker.invokeTestMethod(Invoker.java:869)
	at org.testng.internal.Invoker.invokeTestMethods(Invoker.java:1193)
	at org.testng.internal.TestMethodWorker.invokeTestMethods(TestMethodWorker.java:126)
	at org.testng.internal.TestMethodWorker.run(TestMethodWorker.java:109)
	at org.testng.TestRunner.privateRun(TestRunner.java:744)
	at org.testng.TestRunner.run(TestRunner.java:602)
	at org.testng.SuiteRunner.runTest(SuiteRunner.java:380)
	at org.testng.SuiteRunner.runSequentially(SuiteRunner.java:375)
	at org.testng.SuiteRunner.privateRun(SuiteRunner.java:340)
	at org.testng.SuiteRunner.run(SuiteRunner.java:289)
	at org.testng.SuiteRunnerWorker.runSuite(SuiteRunnerWorker.java:52)
	at org.testng.SuiteRunnerWorker.run(SuiteRunnerWorker.java:86)
	at org.testng.TestNG.runSuitesSequentially(TestNG.java:1301)
	at org.testng.TestNG.runSuitesLocally(TestNG.java:1226)
	at org.testng.TestNG.runSuites(TestNG.java:1144)
	at org.testng.TestNG.run(TestNG.java:1115)
	at org.apache.maven.surefire.testng.TestNGExecutor.run(TestNGExecutor.java:295)
	at org.apache.maven.surefire.testng.TestNGXmlTestSuite.execute(TestNGXmlTestSuite.java:84)
	at org.apache.maven.surefire.testng.TestNGProvider.invoke(TestNGProvider.java:90)
	at org.apache.maven.surefire.booter.ForkedBooter.invokeProviderInSameClassLoader(ForkedBooter.java:203)
	at org.apache.maven.surefire.booter.ForkedBooter.runSuitesInProcess(ForkedBooter.java:155)
	at org.apache.maven.surefire.booter.ForkedBooter.main(ForkedBooter.java:103)
]]>
            </full-stacktrace>
          </exception> <!-- java.lang.AssertionError -->
          <reporter-output>
            <line>
              <![CDATA[Capturing screenshot]]>
            </line>
            <line>
              <![CDATA[<a target="_blank" href="SunDec2912_21_21IST2019.jpg">Screen Shot</a>]]>
            </line>
          </reporter-output>
        </test-method> <!-- bankManagerLoginTest -->
      </class> <!-- com.w2a.testcases.BankManagerLoginTest -->
    </test> <!-- BankManagerLoginTest -->
    <test name="AddCustomerTest" duration-ms="3056" started-at="2019-12-29T06:51:24Z" finished-at="2019-12-29T06:51:27Z">
      <class name="com.w2a.testcases.AddCustomerTest">
        <test-method status="PASS" signature="addCustomerTest(java.util.Hashtable)[pri:0, instance:com.w2a.testcases.AddCustomerTest@63440df3]" name="addCustomerTest" duration-ms="1104" started-at="2019-12-29T12:21:24Z" data-provider="dp" finished-at="2019-12-29T12:21:26Z">
          <params>
            <param index="0">
              <value>
                <![CDATA[{postCode=92122.0, lastName=Doe, firstName=John, runmode=Y}]]>
              </value>
            </param>
          </params>
          <reporter-output>
          </reporter-output>
        </test-method> <!-- addCustomerTest -->
        <test-method status="PASS" signature="addCustomerTest(java.util.Hashtable)[pri:0, instance:com.w2a.testcases.AddCustomerTest@63440df3]" name="addCustomerTest" duration-ms="437" started-at="2019-12-29T12:21:26Z" data-provider="dp" finished-at="2019-12-29T12:21:26Z">
          <params>
            <param index="0">
              <value>
                <![CDATA[{postCode=96266.0, lastName=Regan, firstName=Ronald, runmode=Y}]]>
              </value>
            </param>
          </params>
          <reporter-output>
          </reporter-output>
        </test-method> <!-- addCustomerTest -->
        <test-method status="PASS" signature="addCustomerTest(java.util.Hashtable)[pri:0, instance:com.w2a.testcases.AddCustomerTest@63440df3]" name="addCustomerTest" duration-ms="426" started-at="2019-12-29T12:21:26Z" data-provider="dp" finished-at="2019-12-29T12:21:27Z">
          <params>
            <param index="0">
              <value>
                <![CDATA[{postCode=98655.0, lastName=Bar, firstName=Foo, runmode=Y}]]>
              </value>
            </param>
          </params>
          <reporter-output>
          </reporter-output>
        </test-method> <!-- addCustomerTest -->
        <test-method status="PASS" signature="addCustomerTest(java.util.Hashtable)[pri:0, instance:com.w2a.testcases.AddCustomerTest@63440df3]" name="addCustomerTest" duration-ms="525" started-at="2019-12-29T12:21:27Z" data-provider="dp" finished-at="2019-12-29T12:21:27Z">
          <params>
            <param index="0">
              <value>
                <![CDATA[{postCode=96548.0, lastName=Storm, firstName=Dessart, runmode=Y}]]>
              </value>
            </param>
          </params>
          <reporter-output>
          </reporter-output>
        </test-method> <!-- addCustomerTest -->
      </class> <!-- com.w2a.testcases.AddCustomerTest -->
    </test> <!-- AddCustomerTest -->
    <test name="OpenAccountTest" duration-ms="10443" started-at="2019-12-29T06:51:28Z" finished-at="2019-12-29T06:51:38Z">
      <class name="com.w2a.testcases.OpenAccountTest">
        <test-method status="PASS" signature="setUp()[pri:0, instance:com.w2a.testcases.OpenAccountTest@4eb7f003]" name="setUp" is-config="true" duration-ms="8230" started-at="2019-12-29T12:21:12Z" finished-at="2019-12-29T12:21:21Z">
          <reporter-output>
          </reporter-output>
        </test-method> <!-- setUp -->
        <test-method status="PASS" signature="openAccountTest(java.util.Hashtable)[pri:0, instance:com.w2a.testcases.OpenAccountTest@4eb7f003]" name="openAccountTest" duration-ms="2858" started-at="2019-12-29T12:21:28Z" data-provider="dp" finished-at="2019-12-29T12:21:31Z">
          <params>
            <param index="0">
              <value>
                <![CDATA[{Currency=Dollar, runmode=Y, SuccessMessage=Account created successfully with account Number, Customer=John Doe}]]>
              </value>
            </param>
          </params>
          <reporter-output>
          </reporter-output>
        </test-method> <!-- openAccountTest -->
        <test-method status="PASS" signature="openAccountTest(java.util.Hashtable)[pri:0, instance:com.w2a.testcases.OpenAccountTest@4eb7f003]" name="openAccountTest" duration-ms="2335" started-at="2019-12-29T12:21:31Z" data-provider="dp" finished-at="2019-12-29T12:21:33Z">
          <params>
            <param index="0">
              <value>
                <![CDATA[{Currency=Pound, runmode=Y, SuccessMessage=Account created successfully with account Number, Customer=Ronald Regan}]]>
              </value>
            </param>
          </params>
          <reporter-output>
          </reporter-output>
        </test-method> <!-- openAccountTest -->
        <test-method status="PASS" signature="openAccountTest(java.util.Hashtable)[pri:0, instance:com.w2a.testcases.OpenAccountTest@4eb7f003]" name="openAccountTest" duration-ms="2613" started-at="2019-12-29T12:21:33Z" data-provider="dp" finished-at="2019-12-29T12:21:36Z">
          <params>
            <param index="0">
              <value>
                <![CDATA[{Currency=Rupee, runmode=Y, SuccessMessage=Account created successfully with account Number, Customer=Foo Bar}]]>
              </value>
            </param>
          </params>
          <reporter-output>
          </reporter-output>
        </test-method> <!-- openAccountTest -->
        <test-method status="PASS" signature="openAccountTest(java.util.Hashtable)[pri:0, instance:com.w2a.testcases.OpenAccountTest@4eb7f003]" name="openAccountTest" duration-ms="2290" started-at="2019-12-29T12:21:36Z" data-provider="dp" finished-at="2019-12-29T12:21:38Z">
          <params>
            <param index="0">
              <value>
                <![CDATA[{Currency=Rupee, runmode=N, SuccessMessage=Account created successfully with account Number, Customer=Dessart Storm}]]>
              </value>
            </param>
          </params>
          <reporter-output>
          </reporter-output>
        </test-method> <!-- openAccountTest -->
        <test-method status="PASS" signature="tearDown()[pri:0, instance:com.w2a.testcases.OpenAccountTest@4eb7f003]" name="tearDown" is-config="true" duration-ms="904" started-at="2019-12-29T12:21:38Z" finished-at="2019-12-29T12:21:39Z">
          <reporter-output>
          </reporter-output>
        </test-method> <!-- tearDown -->
      </class> <!-- com.w2a.testcases.OpenAccountTest -->
    </test> <!-- OpenAccountTest -->
  </suite> <!-- DataDrivenBasics -->
</testng-results>
